Build Failed
Error code: 2
Output:
Scanning dependencies of target data-buddy-lib
[ 20%] Building CXX object CMakeFiles/data-buddy-lib.dir/src/controller/Controller.cpp.o

Error:
In file included from /usr/include/x86_64-linux-gnu/openssl/opensslconf.h:13,
                 from /usr/include/openssl/aes.h:13,
                 from /data-buddy/service/src/controller/Controller.cpp:7:
/usr/include/openssl/opensslv.h:14:8: error: expected unqualified-id before string constant
   14 | extern "C" {
      |        ^~~
In file included from /usr/include/openssl/aes.h:13,
                 from /data-buddy/service/src/controller/Controller.cpp:7:
/usr/include/x86_64-linux-gnu/openssl/opensslconf.h:16:8: error: expected unqualified-id before string constant
   16 | extern "C" {
      |        ^~~
In file included from /data-buddy/service/src/controller/Controller.cpp:7:
/usr/include/openssl/aes.h:17:8: error: expected unqualified-id before string constant
   17 | extern "C" {
      |        ^~~
In file included from /usr/include/openssl/rand.h:14,
                 from /data-buddy/service/src/controller/Controller.cpp:8:
/usr/include/openssl/ossl_typ.h:16:8: error: expected unqualified-id before string constant
   16 | extern "C" {
      |        ^~~
In file included from /usr/include/openssl/rand.h:16,
                 from /data-buddy/service/src/controller/Controller.cpp:8:
/usr/include/openssl/randerr.h:17:8: error: expected unqualified-id before string constant
   17 | extern "C"
      |        ^~~
In file included from /data-buddy/service/src/controller/Controller.cpp:8:
/usr/include/openssl/rand.h:19:8: error: expected unqualified-id before string constant
   19 | extern "C" {
      |        ^~~
In file included from /usr/include/openssl/evp.h:13,
                 from /data-buddy/service/src/controller/Controller.cpp:9:
/usr/include/x86_64-linux-gnu/openssl/opensslconf.h:16:8: error: expected unqualified-id before string constant
   16 | extern "C" {
      |        ^~~
In file included from /usr/include/openssl/safestack.h:13,
                 from /usr/include/openssl/crypto.h:23,
                 from /usr/include/openssl/bio.h:20,
                 from /usr/include/openssl/evp.h:16,
                 from /data-buddy/service/src/controller/Controller.cpp:9:
/usr/include/openssl/stack.h:14:8: error: expected unqualified-id before string constant
   14 | extern "C" {
      |        ^~~
In file included from /usr/include/openssl/crypto.h:23,
                 from /usr/include/openssl/bio.h:20,
                 from /usr/include/openssl/evp.h:16,
                 from /data-buddy/service/src/controller/Controller.cpp:9:
/usr/include/openssl/safestack.h:17:8: error: expected unqualified-id before string constant
   17 | extern "C" {
      |        ^~~
In file included from /usr/include/openssl/crypto.h:26,
                 from /usr/include/openssl/bio.h:20,
                 from /usr/include/openssl/evp.h:16,
                 from /data-buddy/service/src/controller/Controller.cpp:9:
/usr/include/x86_64-linux-gnu/openssl/opensslconf.h:16:8: error: expected unqualified-id before string constant
   16 | extern "C" {
      |        ^~~
In file included from /usr/include/openssl/crypto.h:27,
                 from /usr/include/openssl/bio.h:20,
                 from /usr/include/openssl/evp.h:16,
                 from /data-buddy/service/src/controller/Controller.cpp:9:
/usr/include/openssl/cryptoerr.h:19:8: error: expected unqualified-id before string constant
   19 | extern "C"
      |        ^~~
In file included from /usr/include/openssl/bio.h:20,
                 from /usr/include/openssl/evp.h:16,
                 from /data-buddy/service/src/controller/Controller.cpp:9:
/usr/include/openssl/crypto.h:44:8: error: expected unqualified-id before string constant
   44 | extern "C" {
      |        ^~~
In file included from /usr/include/openssl/bio.h:21,
                 from /usr/include/openssl/evp.h:16,
                 from /data-buddy/service/src/controller/Controller.cpp:9:
/usr/include/openssl/bioerr.h:19:8: error: expected unqualified-id before string constant
   19 | extern "C"
      |        ^~~
In file included from /usr/include/openssl/evp.h:16,
                 from /data-buddy/service/src/controller/Controller.cpp:9:
/usr/include/openssl/bio.h:24:8: error: expected unqualified-id before string constant
   24 | extern "C" {
      |        ^~~
In file included from /usr/include/openssl/evp.h:17,
                 from /data-buddy/service/src/controller/Controller.cpp:9:
/usr/include/openssl/evperr.h:17:8: error: expected unqualified-id before string constant
   17 | extern "C"
      |        ^~~
In file included from /usr/include/openssl/asn1.h:15,
                 from /usr/include/openssl/objects.h:15,
                 from /usr/include/openssl/evp.h:28,
                 from /data-buddy/service/src/controller/Controller.cpp:9:
/usr/include/x86_64-linux-gnu/openssl/opensslconf.h:16:8: error: expected unqualified-id before string constant
   16 | extern "C" {
      |        ^~~
In file included from /usr/include/openssl/asn1.h:18,
                 from /usr/include/openssl/objects.h:15,
                 from /usr/include/openssl/evp.h:28,
                 from /data-buddy/service/src/controller/Controller.cpp:9:
/usr/include/openssl/asn1err.h:17:8: error: expected unqualified-id before string constant
   17 | extern "C"
      |        ^~~
In file included from /usr/include/openssl/bn.h:18,
                 from /usr/include/openssl/asn1.h:23,
                 from /usr/include/openssl/objects.h:15,
                 from /usr/include/openssl/evp.h:28,
                 from /data-buddy/service/src/controller/Controller.cpp:9:
/usr/include/x86_64-linux-gnu/openssl/opensslconf.h:16:8: error: expected unqualified-id before string constant
   16 | extern "C" {
      |        ^~~
In file included from /usr/include/openssl/bn.h:21,
                 from /usr/include/openssl/asn1.h:23,
                 from /usr/include/openssl/objects.h:15,
                 from /usr/include/openssl/evp.h:28,
                 from /data-buddy/service/src/controller/Controller.cpp:9:
/usr/include/openssl/bnerr.h:19:8: error: expected unqualified-id before string constant
   19 | extern "C"
      |        ^~~
In file included from /usr/include/openssl/asn1.h:23,
                 from /usr/include/openssl/objects.h:15,
                 from /usr/include/openssl/evp.h:28,
                 from /data-buddy/service/src/controller/Controller.cpp:9:
/usr/include/openssl/bn.h:24:8: error: expected unqualified-id before string constant
   24 | extern "C" {
      |        ^~~
In file included from /usr/include/openssl/objects.h:15,
                 from /usr/include/openssl/evp.h:28,
                 from /data-buddy/service/src/controller/Controller.cpp:9:
/usr/include/openssl/asn1.h:32:8: error: expected unqualified-id before string constant
   32 | extern "C" {
      |        ^~~
In file included from /usr/include/openssl/objects.h:16,
                 from /usr/include/openssl/evp.h:28,
                 from /data-buddy/service/src/controller/Controller.cpp:9:
/usr/include/openssl/objectserr.h:19:8: error: expected unqualified-id before string constant
   19 | extern "C"
      |        ^~~
In file included from /usr/include/openssl/evp.h:28,
                 from /data-buddy/service/src/controller/Controller.cpp:9:
/usr/include/openssl/objects.h:32:8: error: expected unqualified-id before string constant
   32 | extern "C" {
      |        ^~~
In file included from /data-buddy/service/src/controller/Controller.cpp:9:
/usr/include/openssl/evp.h:67:8: error: expected unqualified-id before string constant
   67 | extern "C" {
      |        ^~~
In file included from /usr/include/openssl/buffer.h:17,
                 from /data-buddy/service/src/controller/Controller.cpp:11:
/usr/include/openssl/buffererr.h:19:8: error: expected unqualified-id before string constant
   19 | extern "C"
      |        ^~~
In file included from /data-buddy/service/src/controller/Controller.cpp:11:
/usr/include/openssl/buffer.h:21:8: error: expected unqualified-id before string constant
   21 | extern "C" {
      |        ^~~
/data-buddy/service/src/controller/Controller.cpp:19:5: error: extra qualification ‘Controller::’ on member ‘db_test’ [-fpermissive]
   19 | int Controller::db_test() {
      |     ^~~~~~~~~~
/data-buddy/service/src/controller/Controller.cpp:19:5: error: ‘int Controller::db_test()’ cannot be overloaded with ‘int Controller::db_test()’
In file included from /data-buddy/service/src/controller/Controller.cpp:1:
/data-buddy/service/src/controller/Controller.hpp:48:9: note: previous declaration ‘int Controller::db_test()’
   48 |     int db_test();
      |         ^~~~~~~
/data-buddy/service/src/controller/Controller.cpp:59:10: error: extra qualification ‘Controller::’ on member ‘create_response’ [-fpermissive]
   59 | Response Controller::create_response(const string& error, const oatpp::Void &dto) {
      |          ^~~~~~~~~~
/data-buddy/service/src/controller/Controller.cpp:59:10: error: ‘Response Controller::create_response(const string&, const Void&)’ cannot be overloaded with ‘Response Controller::create_response(const string&, const Void&)’
In file included from /data-buddy/service/src/controller/Controller.cpp:1:
/data-buddy/service/src/controller/Controller.hpp:83:14: note: previous declaration ‘Response Controller::create_response(const string&, const Void&)’
   83 |     Response create_response(const string& error, const oatpp::Void &dto);
      |              ^~~~~~~~~~~~~~~
/data-buddy/service/src/controller/Controller.cpp:76:6: error: extra qualification ‘Controller::’ on member ‘is_buddy_connected’ [-fpermissive]
   76 | bool Controller::is_buddy_connected() {
      |      ^~~~~~~~~~
/data-buddy/service/src/controller/Controller.cpp:76:6: error: ‘bool Controller::is_buddy_connected()’ cannot be overloaded with ‘bool Controller::is_buddy_connected()’
In file included from /data-buddy/service/src/controller/Controller.cpp:1:
/data-buddy/service/src/controller/Controller.hpp:88:10: note: previous declaration ‘bool Controller::is_buddy_connected()’
   88 |     bool is_buddy_connected();
      |          ^~~~~~~~~~~~~~~~~~
/data-buddy/service/src/controller/Controller.cpp:177:6: error: extra qualification ‘Controller::’ on member ‘is_client_authorized’ [-fpermissive]
  177 | bool Controller::is_client_authorized(const string& name, const string& auth_token)  {
      |      ^~~~~~~~~~
/data-buddy/service/src/controller/Controller.cpp:177:6: error: ‘bool Controller::is_client_authorized(const string&, const string&)’ cannot be overloaded with ‘bool Controller::is_client_authorized(const string&, const string&)’
In file included from /data-buddy/service/src/controller/Controller.cpp:1:
/data-buddy/service/src/controller/Controller.hpp:95:10: note: previous declaration ‘bool Controller::is_client_authorized(const string&, const string&)’
   95 |     bool is_client_authorized(const string& name, const string& auth_token);
      |          ^~~~~~~~~~~~~~~~~~~~
/data-buddy/service/src/controller/Controller.cpp:184:6: error: extra qualification ‘Controller::’ on member ‘is_client_authorized_for_category’ [-fpermissive]
  184 | bool Controller::is_client_authorized_for_category(const string& name, const string& auth_token, const string& category) {
      |      ^~~~~~~~~~
/data-buddy/service/src/controller/Controller.cpp:184:6: error: ‘bool Controller::is_client_authorized_for_category(const string&, const string&, const string&)’ cannot be overloaded with ‘bool Controller::is_client_authorized_for_category(const string&, const string&, const string&)’
In file included from /data-buddy/service/src/controller/Controller.cpp:1:
/data-buddy/service/src/controller/Controller.hpp:103:10: note: previous declaration ‘bool Controller::is_client_authorized_for_category(const string&, const string&, const string&)’
  103 |     bool is_client_authorized_for_category(const string& name, const string& auth_token, const string& category);
      |          ^~~~~~~~~~~~~~~~~~~~~~~~~~~~~~~~~
/data-buddy/service/src/controller/Controller.cpp:221:19: error: extra qualification ‘Controller::’ on member ‘get_category_values’ [-fpermissive]
  221 | std::vector<json> Controller::get_category_values(const string& category) {
      |                   ^~~~~~~~~~
/data-buddy/service/src/controller/Controller.cpp:221:19: error: ‘std::vector<nlohmann::json_abi_v3_11_2::basic_json<>, std::allocator<nlohmann::json_abi_v3_11_2::basic_json<> > > Controller::get_category_values(const string&)’ cannot be overloaded with ‘std::vector<nlohmann::json_abi_v3_11_2::basic_json<>, std::allocator<nlohmann::json_abi_v3_11_2::basic_json<> > > Controller::get_category_values(const string&)’
In file included from /data-buddy/service/src/controller/Controller.cpp:1:
/data-buddy/service/src/controller/Controller.hpp:110:23: note: previous declaration ‘std::vector<nlohmann::json_abi_v3_11_2::basic_json<>, std::allocator<nlohmann::json_abi_v3_11_2::basic_json<> > > Controller::get_category_values(const string&)’
  110 |     std::vector<json> get_category_values(const string& category);
      |                       ^~~~~~~~~~~~~~~~~~~
/data-buddy/service/src/controller/Controller.cpp:232:8: error: extra qualification ‘Controller::’ on member ‘update_category’ [-fpermissive]
  232 | string Controller::update_category(const string& client_name, const string& category, const json& key_schema, const json& value_schema, const json& clients) {
      |        ^~~~~~~~~~
/data-buddy/service/src/controller/Controller.cpp:232:8: error: ‘string Controller::update_category(const string&, const string&, const json&, const json&, const json&)’ cannot be overloaded with ‘string Controller::update_category(const string&, const string&, const json&, const json&, const json&)’
In file included from /data-buddy/service/src/controller/Controller.cpp:1:
/data-buddy/service/src/controller/Controller.hpp:116:12: note: previous declaration ‘string Controller::update_category(const string&, const string&, const json&, const json&, const json&)’
  116 |     string update_category(const string& client_name, const string& category, const json& key_schema, const json& value_schema, const json& clients);
      |            ^~~~~~~~~~~~~~~
/data-buddy/service/src/controller/Controller.cpp:269:8: error: extra qualification ‘Controller::’ on member ‘do_get’ [-fpermissive]
  269 | string Controller::do_get(const string& name, const string& auth_token, const string& category, const string& key, string& value) {
      |        ^~~~~~~~~~
/data-buddy/service/src/controller/Controller.cpp:269:8: error: ‘string Controller::do_get(const string&, const string&, const string&, const string&, string&)’ cannot be overloaded with ‘string Controller::do_get(const string&, const string&, const string&, const string&, string&)’
In file included from /data-buddy/service/src/controller/Controller.cpp:1:
/data-buddy/service/src/controller/Controller.hpp:136:12: note: previous declaration ‘string Controller::do_get(const string&, const string&, const string&, const string&, string&)’
  136 |     string do_get(const string& name, const string& auth_token, const string& category, const string& key, string& value) {
      |            ^~~~~~
/data-buddy/service/src/controller/Controller.cpp:286:8: error: extra qualification ‘Controller::’ on member ‘do_get_range’ [-fpermissive]
  286 | string Controller::do_get_range(const string& name, const string& auth_token, const string& category, const string& key, string& keys, string& values) {
      |        ^~~~~~~~~~
/data-buddy/service/src/controller/Controller.cpp:304:8: error: extra qualification ‘Controller::’ on member ‘do_put’ [-fpermissive]
  304 | string Controller::do_put(const string& name, string auth_token, const string& category, const string& key, const string& value) {
      |        ^~~~~~~~~~
/data-buddy/service/src/controller/Controller.cpp:320:8: error: extra qualification ‘Controller::’ on member ‘do_create_buddy’ [-fpermissive]
  320 | string Controller::do_create_buddy(const string& path, string& folder_path) {
      |        ^~~~~~~~~~
/data-buddy/service/src/controller/Controller.cpp:356:8: error: extra qualification ‘Controller::’ on member ‘do_connect_buddy’ [-fpermissive]
  356 | string Controller::do_connect_buddy(const string& path) {
      |        ^~~~~~~~~~
/data-buddy/service/src/controller/Controller.cpp:391:8: error: extra qualification ‘Controller::’ on member ‘do_disconnect_buddy’ [-fpermissive]
  391 | string Controller::do_disconnect_buddy() {
      |        ^~~~~~~~~~
/data-buddy/service/src/controller/Controller.cpp:414:8: error: extra qualification ‘Controller::’ on member ‘do_create_client’ [-fpermissive]
  414 | string Controller::do_create_client(const string& name, const string& password, string& auth_token) {
      |        ^~~~~~~~~~
/data-buddy/service/src/controller/Controller.cpp:432:8: error: extra qualification ‘Controller::’ on member ‘do_disconnect_client’ [-fpermissive]
  432 | string Controller::do_disconnect_client(const string& name, const string& auth_token) {
      |        ^~~~~~~~~~
/data-buddy/service/src/controller/Controller.cpp:453:8: error: extra qualification ‘Controller::’ on member ‘do_connect_client’ [-fpermissive]
  453 | string Controller::do_connect_client(const string& name, const string& password, string& auth_token) {
      |        ^~~~~~~~~~
/data-buddy/service/src/controller/Controller.cpp:482:8: error: extra qualification ‘Controller::’ on member ‘do_add_client’ [-fpermissive]
  482 | string Controller::do_add_client(const string& client_name, const string& auth_token, const string& category, const string& add_name) {
      |        ^~~~~~~~~~
/data-buddy/service/src/controller/Controller.cpp:505:8: error: extra qualification ‘Controller::’ on member ‘do_create_category’ [-fpermissive]
  505 | string Controller::do_create_category(const string& client_name, const string& auth_token, const string& category_name, const string& key_schema, const string& value_schema) {
      |        ^~~~~~~~~~
/data-buddy/service/src/controller/Controller.cpp:524:8: error: extra qualification ‘Controller::’ on member ‘do_list_clients’ [-fpermissive]
  524 | string Controller::do_list_clients(string& clients) {
      |        ^~~~~~~~~~
/data-buddy/service/src/controller/Controller.cpp:545:8: error: extra qualification ‘Controller::’ on member ‘do_list_categories’ [-fpermissive]
  545 | string Controller::do_list_categories(string& categories) {
      |        ^~~~~~~~~~
/data-buddy/service/src/controller/Controller.cpp:559:1: error: expected ‘}’ at end of input
  559 | }
      | ^
In file included from /data-buddy/service/src/controller/Controller.cpp:1:
/data-buddy/service/src/controller/Controller.hpp:21:66: note: to match this ‘{’
   21 | class Controller : public oatpp::web::server::api::ApiController {
      |                                                                  ^
In file included from /usr/local/include/oatpp-1.3.0/oatpp/oatpp/codegen/ApiController_define.hpp:48,
                 from /data-buddy/service/src/controller/Controller.hpp:17,
                 from /data-buddy/service/src/controller/Controller.cpp:1:
/data-buddy/service/src/controller/Controller.hpp: In member function ‘string Controller::do_get(const string&, const string&, const string&, const string&, string&)’:
/data-buddy/service/src/controller/Controller.hpp:260:5: error: a function-definition is not allowed here before ‘{’ token
  260 |     ENDPOINT_INFO(root) {
      |     ^~~~~~~~~~~~~
/data-buddy/service/src/controller/Controller.hpp:260:5: error: ‘Z__ENDPOINT_CREATE_ADDITIONAL_INFO_root’ was not declared in this scope; did you mean ‘Z__ENDPOINT_ADDITIONAL_INFO_root’?
  260 |     ENDPOINT_INFO(root) {
      |     ^~~~~~~~~~~~~
In file included from /data-buddy/service/src/controller/Controller.cpp:1:
/data-buddy/service/src/controller/Controller.hpp:260:25: error: a function-definition is not allowed here before ‘{’ token
  260 |     ENDPOINT_INFO(root) {
      |                         ^
In file included from /usr/local/include/oatpp-1.3.0/oatpp/oatpp/core/macro/codegen.hpp:41,
                 from /usr/local/include/oatpp-1.3.0/oatpp/oatpp/web/server/handler/AuthorizationHandler.hpp:31,
                 from /usr/local/include/oatpp-1.3.0/oatpp/oatpp/web/server/api/ApiController.hpp:30,
                 from /data-buddy/service/src/Common.hpp:12,
                 from /data-buddy/service/src/dto/DTOs.hpp:4,
                 from /data-buddy/service/src/controller/Controller.hpp:4,
                 from /data-buddy/service/src/controller/Controller.cpp:1:
/data-buddy/service/src/controller/Controller.hpp:264:5: error: a template declaration cannot appear at block scope
  264 |     ENDPOINT("GET", "/db-hello", root) {
      |     ^~~~~~~~
/data-buddy/service/src/controller/Controller.hpp: In lambda function:
/data-buddy/service/src/controller/Controller.hpp:264:5: error: ‘Z__EDNPOINT_INFO_GET_INSTANCE_root’ was not declared in this scope
  264 |     ENDPOINT("GET", "/db-hello", root) {
      |     ^~~~~~~~
/data-buddy/service/src/controller/Controller.hpp: In member function ‘string Controller::do_get(const string&, const string&, const string&, const string&, string&)’:
/data-buddy/service/src/controller/Controller.hpp:264:5: error: conversion from ‘Controller::do_get(const string&, const string&, const string&, const string&, string&)::<lambda()>’ to non-scalar type ‘oatpp::web::server::api::ApiController::EndpointInfoBuilder’ {aka ‘std::function<std::shared_ptr<oatpp::web::server::api::Endpoint::Info>()>’} requested
  264 |     ENDPOINT("GET", "/db-hello", root) {
      |     ^~~~~~~~
/data-buddy/service/src/controller/Controller.hpp:264:5: error: ‘Z__ENDPOINT_HANDLER_GET_INSTANCE_root’ was not declared in this scope
  264 |     ENDPOINT("GET", "/db-hello", root) {
      |     ^~~~~~~~
/data-buddy/service/src/controller/Controller.hpp:264:5: error: a function-definition is not allowed here before ‘{’ token
  264 |     ENDPOINT("GET", "/db-hello", root) {
      |     ^~~~~~~~
In file included from /data-buddy/service/src/controller/Controller.cpp:1:
/data-buddy/service/src/controller/Controller.hpp:264:40: error: a function-definition is not allowed here before ‘{’ token
  264 |     ENDPOINT("GET", "/db-hello", root) {
      |                                        ^
In file included from /usr/local/include/oatpp-1.3.0/oatpp/oatpp/codegen/ApiController_define.hpp:48,
                 from /data-buddy/service/src/controller/Controller.hpp:17,
                 from /data-buddy/service/src/controller/Controller.cpp:1:
/data-buddy/service/src/controller/Controller.hpp:270:5: error: a function-definition is not allowed here before ‘{’ token
  270 |     ENDPOINT_INFO(get_test) {
      |     ^~~~~~~~~~~~~
/data-buddy/service/src/controller/Controller.hpp:270:5: error: ‘Z__ENDPOINT_CREATE_ADDITIONAL_INFO_get_test’ was not declared in this scope; did you mean ‘Z__ENDPOINT_ADDITIONAL_INFO_get_test’?
  270 |     ENDPOINT_INFO(get_test) {
      |     ^~~~~~~~~~~~~
In file included from /data-buddy/service/src/controller/Controller.cpp:1:
/data-buddy/service/src/controller/Controller.hpp:270:29: error: a function-definition is not allowed here before ‘{’ token
  270 |     ENDPOINT_INFO(get_test) {
      |                             ^
In file included from /usr/local/include/oatpp-1.3.0/oatpp/oatpp/core/macro/codegen.hpp:41,
                 from /usr/local/include/oatpp-1.3.0/oatpp/oatpp/web/server/handler/AuthorizationHandler.hpp:31,
                 from /usr/local/include/oatpp-1.3.0/oatpp/oatpp/web/server/api/ApiController.hpp:30,
                 from /data-buddy/service/src/Common.hpp:12,
                 from /data-buddy/service/src/dto/DTOs.hpp:4,
                 from /data-buddy/service/src/controller/Controller.hpp:4,
                 from /data-buddy/service/src/controller/Controller.cpp:1:
/data-buddy/service/src/controller/Controller.hpp:275:5: error: a template declaration cannot appear at block scope
  275 |     ENDPOINT("POST", "/db-get-test", get_test,
      |     ^~~~~~~~
/data-buddy/service/src/controller/Controller.hpp: In lambda function:
/data-buddy/service/src/controller/Controller.hpp:275:5: error: ‘Z__EDNPOINT_INFO_GET_INSTANCE_get_test’ was not declared in this scope
  275 |     ENDPOINT("POST", "/db-get-test", get_test,
      |     ^~~~~~~~
/data-buddy/service/src/controller/Controller.hpp: In member function ‘string Controller::do_get(const string&, const string&, const string&, const string&, string&)’:
/data-buddy/service/src/controller/Controller.hpp:275:5: error: conversion from ‘Controller::do_get(const string&, const string&, const string&, const string&, string&)::<lambda()>’ to non-scalar type ‘oatpp::web::server::api::ApiController::EndpointInfoBuilder’ {aka ‘std::function<std::shared_ptr<oatpp::web::server::api::Endpoint::Info>()>’} requested
  275 |     ENDPOINT("POST", "/db-get-test", get_test,
      |     ^~~~~~~~
/data-buddy/service/src/controller/Controller.hpp:275:5: error: ‘Z__ENDPOINT_HANDLER_GET_INSTANCE_get_test’ was not declared in this scope
  275 |     ENDPOINT("POST", "/db-get-test", get_test,
      |     ^~~~~~~~
/data-buddy/service/src/controller/Controller.hpp:275:5: error: a function-definition is not allowed here before ‘{’ token
  275 |     ENDPOINT("POST", "/db-get-test", get_test,
      |     ^~~~~~~~
In file included from /data-buddy/service/src/controller/Controller.cpp:1:
/data-buddy/service/src/controller/Controller.hpp:276:49: error: a function-definition is not allowed here before ‘{’ token
  276 |             BODY_DTO(Object<GetTestDto>, recv)) {
      |                                                 ^
In file included from /usr/local/include/oatpp-1.3.0/oatpp/oatpp/codegen/ApiController_define.hpp:48,
                 from /data-buddy/service/src/controller/Controller.hpp:17,
                 from /data-buddy/service/src/controller/Controller.cpp:1:
/data-buddy/service/src/controller/Controller.hpp:284:5: error: a function-definition is not allowed here before ‘{’ token
  284 |     ENDPOINT_INFO(get) {
      |     ^~~~~~~~~~~~~
/data-buddy/service/src/controller/Controller.hpp:284:5: error: ‘Z__ENDPOINT_CREATE_ADDITIONAL_INFO_get’ was not declared in this scope; did you mean ‘Z__ENDPOINT_ADDITIONAL_INFO_get’?
  284 |     ENDPOINT_INFO(get) {
      |     ^~~~~~~~~~~~~
In file included from /data-buddy/service/src/controller/Controller.cpp:1:
/data-buddy/service/src/controller/Controller.hpp:284:24: error: a function-definition is not allowed here before ‘{’ token
  284 |     ENDPOINT_INFO(get) {
      |                        ^
In file included from /usr/local/include/oatpp-1.3.0/oatpp/oatpp/core/macro/codegen.hpp:41,
                 from /usr/local/include/oatpp-1.3.0/oatpp/oatpp/web/server/handler/AuthorizationHandler.hpp:31,
                 from /usr/local/include/oatpp-1.3.0/oatpp/oatpp/web/server/api/ApiController.hpp:30,
                 from /data-buddy/service/src/Common.hpp:12,
                 from /data-buddy/service/src/dto/DTOs.hpp:4,
                 from /data-buddy/service/src/controller/Controller.hpp:4,
                 from /data-buddy/service/src/controller/Controller.cpp:1:
/data-buddy/service/src/controller/Controller.hpp:289:5: error: a template declaration cannot appear at block scope
  289 |     ENDPOINT("POST", "/db-get", get,
      |     ^~~~~~~~
/data-buddy/service/src/controller/Controller.hpp: In lambda function:
/data-buddy/service/src/controller/Controller.hpp:289:5: error: ‘Z__EDNPOINT_INFO_GET_INSTANCE_get’ was not declared in this scope
  289 |     ENDPOINT("POST", "/db-get", get,
      |     ^~~~~~~~
/data-buddy/service/src/controller/Controller.hpp: In member function ‘string Controller::do_get(const string&, const string&, const string&, const string&, string&)’:
/data-buddy/service/src/controller/Controller.hpp:289:5: error: conversion from ‘Controller::do_get(const string&, const string&, const string&, const string&, string&)::<lambda()>’ to non-scalar type ‘oatpp::web::server::api::ApiController::EndpointInfoBuilder’ {aka ‘std::function<std::shared_ptr<oatpp::web::server::api::Endpoint::Info>()>’} requested
  289 |     ENDPOINT("POST", "/db-get", get,
      |     ^~~~~~~~
/data-buddy/service/src/controller/Controller.hpp:289:5: error: ‘Z__ENDPOINT_HANDLER_GET_INSTANCE_get’ was not declared in this scope
  289 |     ENDPOINT("POST", "/db-get", get,
      |     ^~~~~~~~
/data-buddy/service/src/controller/Controller.hpp:289:5: error: a function-definition is not allowed here before ‘{’ token
  289 |     ENDPOINT("POST", "/db-get", get,
      |     ^~~~~~~~
In file included from /data-buddy/service/src/controller/Controller.cpp:1:
/data-buddy/service/src/controller/Controller.hpp:290:54: error: a function-definition is not allowed here before ‘{’ token
  290 |             BODY_DTO(Object<GetRangeRecvDto>, recv)) {
      |                                                      ^
In file included from /usr/local/include/oatpp-1.3.0/oatpp/oatpp/codegen/ApiController_define.hpp:48,
                 from /data-buddy/service/src/controller/Controller.hpp:17,
                 from /data-buddy/service/src/controller/Controller.cpp:1:
/data-buddy/service/src/controller/Controller.hpp:306:5: error: a function-definition is not allowed here before ‘{’ token
  306 |     ENDPOINT_INFO(get_range) {
      |     ^~~~~~~~~~~~~
/data-buddy/service/src/controller/Controller.hpp:306:5: error: ‘Z__ENDPOINT_CREATE_ADDITIONAL_INFO_get_range’ was not declared in this scope; did you mean ‘Z__ENDPOINT_ADDITIONAL_INFO_get_range’?
  306 |     ENDPOINT_INFO(get_range) {
      |     ^~~~~~~~~~~~~
In file included from /data-buddy/service/src/controller/Controller.cpp:1:
/data-buddy/service/src/controller/Controller.hpp:306:30: error: a function-definition is not allowed here before ‘{’ token
  306 |     ENDPOINT_INFO(get_range) {
      |                              ^
In file included from /usr/local/include/oatpp-1.3.0/oatpp/oatpp/core/macro/codegen.hpp:41,
                 from /usr/local/include/oatpp-1.3.0/oatpp/oatpp/web/server/handler/AuthorizationHandler.hpp:31,
                 from /usr/local/include/oatpp-1.3.0/oatpp/oatpp/web/server/api/ApiController.hpp:30,
                 from /data-buddy/service/src/Common.hpp:12,
                 from /data-buddy/service/src/dto/DTOs.hpp:4,
                 from /data-buddy/service/src/controller/Controller.hpp:4,
                 from /data-buddy/service/src/controller/Controller.cpp:1:
/data-buddy/service/src/controller/Controller.hpp:311:5: error: a template declaration cannot appear at block scope
  311 |     ENDPOINT("POST", "/db-get-range", get_range,
      |     ^~~~~~~~
/data-buddy/service/src/controller/Controller.hpp: In lambda function:
/data-buddy/service/src/controller/Controller.hpp:311:5: error: ‘Z__EDNPOINT_INFO_GET_INSTANCE_get_range’ was not declared in this scope
  311 |     ENDPOINT("POST", "/db-get-range", get_range,
      |     ^~~~~~~~
/data-buddy/service/src/controller/Controller.hpp: In member function ‘string Controller::do_get(const string&, const string&, const string&, const string&, string&)’:
/data-buddy/service/src/controller/Controller.hpp:311:5: error: conversion from ‘Controller::do_get(const string&, const string&, const string&, const string&, string&)::<lambda()>’ to non-scalar type ‘oatpp::web::server::api::ApiController::EndpointInfoBuilder’ {aka ‘std::function<std::shared_ptr<oatpp::web::server::api::Endpoint::Info>()>’} requested
  311 |     ENDPOINT("POST", "/db-get-range", get_range,
      |     ^~~~~~~~
/data-buddy/service/src/controller/Controller.hpp:311:5: error: ‘Z__ENDPOINT_HANDLER_GET_INSTANCE_get_range’ was not declared in this scope
  311 |     ENDPOINT("POST", "/db-get-range", get_range,
      |     ^~~~~~~~
/data-buddy/service/src/controller/Controller.hpp:311:5: error: a function-definition is not allowed here before ‘{’ token
  311 |     ENDPOINT("POST", "/db-get-range", get_range,
      |     ^~~~~~~~
In file included from /data-buddy/service/src/controller/Controller.cpp:1:
/data-buddy/service/src/controller/Controller.hpp:312:54: error: a function-definition is not allowed here before ‘{’ token
  312 |             BODY_DTO(Object<GetRangeRecvDto>, recv)) {
      |                                                      ^
In file included from /usr/local/include/oatpp-1.3.0/oatpp/oatpp/codegen/ApiController_define.hpp:48,
                 from /data-buddy/service/src/controller/Controller.hpp:17,
                 from /data-buddy/service/src/controller/Controller.cpp:1:
/data-buddy/service/src/controller/Controller.hpp:330:5: error: a function-definition is not allowed here before ‘{’ token
  330 |     ENDPOINT_INFO(put) {
      |     ^~~~~~~~~~~~~
/data-buddy/service/src/controller/Controller.hpp:330:5: error: ‘Z__ENDPOINT_CREATE_ADDITIONAL_INFO_put’ was not declared in this scope; did you mean ‘Z__ENDPOINT_ADDITIONAL_INFO_put’?
  330 |     ENDPOINT_INFO(put) {
      |     ^~~~~~~~~~~~~
In file included from /data-buddy/service/src/controller/Controller.cpp:1:
/data-buddy/service/src/controller/Controller.hpp:330:24: error: a function-definition is not allowed here before ‘{’ token
  330 |     ENDPOINT_INFO(put) {
      |                        ^
In file included from /usr/local/include/oatpp-1.3.0/oatpp/oatpp/core/macro/codegen.hpp:41,
                 from /usr/local/include/oatpp-1.3.0/oatpp/oatpp/web/server/handler/AuthorizationHandler.hpp:31,
                 from /usr/local/include/oatpp-1.3.0/oatpp/oatpp/web/server/api/ApiController.hpp:30,
                 from /data-buddy/service/src/Common.hpp:12,
                 from /data-buddy/service/src/dto/DTOs.hpp:4,
                 from /data-buddy/service/src/controller/Controller.hpp:4,
                 from /data-buddy/service/src/controller/Controller.cpp:1:
/data-buddy/service/src/controller/Controller.hpp:335:5: error: a template declaration cannot appear at block scope
  335 |     ENDPOINT("POST", "/db-put", put,
      |     ^~~~~~~~
/data-buddy/service/src/controller/Controller.hpp: In lambda function:
/data-buddy/service/src/controller/Controller.hpp:335:5: error: ‘Z__EDNPOINT_INFO_GET_INSTANCE_put’ was not declared in this scope
  335 |     ENDPOINT("POST", "/db-put", put,
      |     ^~~~~~~~
/data-buddy/service/src/controller/Controller.hpp: In member function ‘string Controller::do_get(const string&, const string&, const string&, const string&, string&)’:
/data-buddy/service/src/controller/Controller.hpp:335:5: error: conversion from ‘Controller::do_get(const string&, const string&, const string&, const string&, string&)::<lambda()>’ to non-scalar type ‘oatpp::web::server::api::ApiController::EndpointInfoBuilder’ {aka ‘std::function<std::shared_ptr<oatpp::web::server::api::Endpoint::Info>()>’} requested
  335 |     ENDPOINT("POST", "/db-put", put,
      |     ^~~~~~~~
/data-buddy/service/src/controller/Controller.hpp:335:5: error: ‘Z__ENDPOINT_HANDLER_GET_INSTANCE_put’ was not declared in this scope
  335 |     ENDPOINT("POST", "/db-put", put,
      |     ^~~~~~~~
/data-buddy/service/src/controller/Controller.hpp:335:5: error: a function-definition is not allowed here before ‘{’ token
  335 |     ENDPOINT("POST", "/db-put", put,
      |     ^~~~~~~~
In file included from /data-buddy/service/src/controller/Controller.cpp:1:
/data-buddy/service/src/controller/Controller.hpp:336:49: error: a function-definition is not allowed here before ‘{’ token
  336 |             BODY_DTO(Object<PutRecvDto>, recv)) {
      |                                                 ^
In file included from /usr/local/include/oatpp-1.3.0/oatpp/oatpp/codegen/ApiController_define.hpp:48,
                 from /data-buddy/service/src/controller/Controller.hpp:17,
                 from /data-buddy/service/src/controller/Controller.cpp:1:
/data-buddy/service/src/controller/Controller.hpp:349:5: error: a function-definition is not allowed here before ‘{’ token
  349 |     ENDPOINT_INFO(create_buddy) {
      |     ^~~~~~~~~~~~~
/data-buddy/service/src/controller/Controller.hpp:349:5: error: ‘Z__ENDPOINT_CREATE_ADDITIONAL_INFO_create_buddy’ was not declared in this scope; did you mean ‘Z__ENDPOINT_ADDITIONAL_INFO_create_buddy’?
  349 |     ENDPOINT_INFO(create_buddy) {
      |     ^~~~~~~~~~~~~
In file included from /data-buddy/service/src/controller/Controller.cpp:1:
/data-buddy/service/src/controller/Controller.hpp:349:33: error: a function-definition is not allowed here before ‘{’ token
  349 |     ENDPOINT_INFO(create_buddy) {
      |                                 ^
In file included from /usr/local/include/oatpp-1.3.0/oatpp/oatpp/core/macro/codegen.hpp:41,
                 from /usr/local/include/oatpp-1.3.0/oatpp/oatpp/web/server/handler/AuthorizationHandler.hpp:31,
                 from /usr/local/include/oatpp-1.3.0/oatpp/oatpp/web/server/api/ApiController.hpp:30,
                 from /data-buddy/service/src/Common.hpp:12,
                 from /data-buddy/service/src/dto/DTOs.hpp:4,
                 from /data-buddy/service/src/controller/Controller.hpp:4,
                 from /data-buddy/service/src/controller/Controller.cpp:1:
/data-buddy/service/src/controller/Controller.hpp:354:5: error: a template declaration cannot appear at block scope
  354 |     ENDPOINT("POST", "/db-create-buddy", create_buddy,
      |     ^~~~~~~~
/data-buddy/service/src/controller/Controller.hpp: In lambda function:
/data-buddy/service/src/controller/Controller.hpp:354:5: error: ‘Z__EDNPOINT_INFO_GET_INSTANCE_create_buddy’ was not declared in this scope
  354 |     ENDPOINT("POST", "/db-create-buddy", create_buddy,
      |     ^~~~~~~~
/data-buddy/service/src/controller/Controller.hpp: In member function ‘string Controller::do_get(const string&, const string&, const string&, const string&, string&)’:
/data-buddy/service/src/controller/Controller.hpp:354:5: error: conversion from ‘Controller::do_get(const string&, const string&, const string&, const string&, string&)::<lambda()>’ to non-scalar type ‘oatpp::web::server::api::ApiController::EndpointInfoBuilder’ {aka ‘std::function<std::shared_ptr<oatpp::web::server::api::Endpoint::Info>()>’} requested
  354 |     ENDPOINT("POST", "/db-create-buddy", create_buddy,
      |     ^~~~~~~~
/data-buddy/service/src/controller/Controller.hpp:354:5: error: ‘Z__ENDPOINT_HANDLER_GET_INSTANCE_create_buddy’ was not declared in this scope; did you mean ‘Z__ENDPOINT_ADDITIONAL_INFO_create_buddy’?
  354 |     ENDPOINT("POST", "/db-create-buddy", create_buddy,
      |     ^~~~~~~~
/data-buddy/service/src/controller/Controller.hpp:354:5: error: a function-definition is not allowed here before ‘{’ token
  354 |     ENDPOINT("POST", "/db-create-buddy", create_buddy,
      |     ^~~~~~~~
In file included from /data-buddy/service/src/controller/Controller.cpp:1:
/data-buddy/service/src/controller/Controller.hpp:355:57: error: a function-definition is not allowed here before ‘{’ token
  355 |             BODY_DTO(Object<CreateBuddyRecvDto>, recv)) {
      |                                                         ^
In file included from /usr/local/include/oatpp-1.3.0/oatpp/oatpp/codegen/ApiController_define.hpp:48,
                 from /data-buddy/service/src/controller/Controller.hpp:17,
                 from /data-buddy/service/src/controller/Controller.cpp:1:
/data-buddy/service/src/controller/Controller.hpp:370:5: error: a function-definition is not allowed here before ‘{’ token
  370 |     ENDPOINT_INFO(connect_buddy) {
      |     ^~~~~~~~~~~~~
/data-buddy/service/src/controller/Controller.hpp:370:5: error: ‘Z__ENDPOINT_CREATE_ADDITIONAL_INFO_connect_buddy’ was not declared in this scope; did you mean ‘Z__ENDPOINT_ADDITIONAL_INFO_connect_buddy’?
  370 |     ENDPOINT_INFO(connect_buddy) {
      |     ^~~~~~~~~~~~~
In file included from /data-buddy/service/src/controller/Controller.cpp:1:
/data-buddy/service/src/controller/Controller.hpp:370:34: error: a function-definition is not allowed here before ‘{’ token
  370 |     ENDPOINT_INFO(connect_buddy) {
      |                                  ^
In file included from /usr/local/include/oatpp-1.3.0/oatpp/oatpp/core/macro/codegen.hpp:41,
                 from /usr/local/include/oatpp-1.3.0/oatpp/oatpp/web/server/handler/AuthorizationHandler.hpp:31,
                 from /usr/local/include/oatpp-1.3.0/oatpp/oatpp/web/server/api/ApiController.hpp:30,
                 from /data-buddy/service/src/Common.hpp:12,
                 from /data-buddy/service/src/dto/DTOs.hpp:4,
                 from /data-buddy/service/src/controller/Controller.hpp:4,
                 from /data-buddy/service/src/controller/Controller.cpp:1:
/data-buddy/service/src/controller/Controller.hpp:375:5: error: a template declaration cannot appear at block scope
  375 |     ENDPOINT("POST", "/db-connect-buddy", connect_buddy,
      |     ^~~~~~~~
/data-buddy/service/src/controller/Controller.hpp: In lambda function:
/data-buddy/service/src/controller/Controller.hpp:375:5: error: ‘Z__EDNPOINT_INFO_GET_INSTANCE_connect_buddy’ was not declared in this scope
  375 |     ENDPOINT("POST", "/db-connect-buddy", connect_buddy,
      |     ^~~~~~~~
/data-buddy/service/src/controller/Controller.hpp: In member function ‘string Controller::do_get(const string&, const string&, const string&, const string&, string&)’:
/data-buddy/service/src/controller/Controller.hpp:375:5: error: conversion from ‘Controller::do_get(const string&, const string&, const string&, const string&, string&)::<lambda()>’ to non-scalar type ‘oatpp::web::server::api::ApiController::EndpointInfoBuilder’ {aka ‘std::function<std::shared_ptr<oatpp::web::server::api::Endpoint::Info>()>’} requested
  375 |     ENDPOINT("POST", "/db-connect-buddy", connect_buddy,
      |     ^~~~~~~~
/data-buddy/service/src/controller/Controller.hpp:375:5: error: ‘Z__ENDPOINT_HANDLER_GET_INSTANCE_connect_buddy’ was not declared in this scope; did you mean ‘Z__ENDPOINT_ADDITIONAL_INFO_connect_buddy’?
  375 |     ENDPOINT("POST", "/db-connect-buddy", connect_buddy,
      |     ^~~~~~~~
/data-buddy/service/src/controller/Controller.hpp:375:5: error: a function-definition is not allowed here before ‘{’ token
  375 |     ENDPOINT("POST", "/db-connect-buddy", connect_buddy,
      |     ^~~~~~~~
In file included from /data-buddy/service/src/controller/Controller.cpp:1:
/data-buddy/service/src/controller/Controller.hpp:376:58: error: a function-definition is not allowed here before ‘{’ token
  376 |             BODY_DTO(Object<ConnectBuddyRecvDto>, recv)) {
      |                                                          ^
In file included from /usr/local/include/oatpp-1.3.0/oatpp/oatpp/codegen/ApiController_define.hpp:48,
                 from /data-buddy/service/src/controller/Controller.hpp:17,
                 from /data-buddy/service/src/controller/Controller.cpp:1:
/data-buddy/service/src/controller/Controller.hpp:389:5: error: a function-definition is not allowed here before ‘{’ token
  389 |     ENDPOINT_INFO(disconnect_buddy) {
      |     ^~~~~~~~~~~~~
/data-buddy/service/src/controller/Controller.hpp:389:5: error: ‘Z__ENDPOINT_CREATE_ADDITIONAL_INFO_disconnect_buddy’ was not declared in this scope; did you mean ‘Z__ENDPOINT_ADDITIONAL_INFO_disconnect_buddy’?
  389 |     ENDPOINT_INFO(disconnect_buddy) {
      |     ^~~~~~~~~~~~~
In file included from /data-buddy/service/src/controller/Controller.cpp:1:
/data-buddy/service/src/controller/Controller.hpp:389:37: error: a function-definition is not allowed here before ‘{’ token
  389 |     ENDPOINT_INFO(disconnect_buddy) {
      |                                     ^
In file included from /usr/local/include/oatpp-1.3.0/oatpp/oatpp/core/macro/codegen.hpp:41,
                 from /usr/local/include/oatpp-1.3.0/oatpp/oatpp/web/server/handler/AuthorizationHandler.hpp:31,
                 from /usr/local/include/oatpp-1.3.0/oatpp/oatpp/web/server/api/ApiController.hpp:30,
                 from /data-buddy/service/src/Common.hpp:12,
                 from /data-buddy/service/src/dto/DTOs.hpp:4,
                 from /data-buddy/service/src/controller/Controller.hpp:4,
                 from /data-buddy/service/src/controller/Controller.cpp:1:
/data-buddy/service/src/controller/Controller.hpp:393:5: error: a template declaration cannot appear at block scope
  393 |     ENDPOINT("GET", "/db-disconnect-buddy", disconnect_buddy) {
      |     ^~~~~~~~
/data-buddy/service/src/controller/Controller.hpp: In lambda function:
/data-buddy/service/src/controller/Controller.hpp:393:5: error: ‘Z__EDNPOINT_INFO_GET_INSTANCE_disconnect_buddy’ was not declared in this scope; did you mean ‘Z__ENDPOINT_ADDITIONAL_INFO_disconnect_buddy’?
  393 |     ENDPOINT("GET", "/db-disconnect-buddy", disconnect_buddy) {
      |     ^~~~~~~~
/data-buddy/service/src/controller/Controller.hpp: In member function ‘string Controller::do_get(const string&, const string&, const string&, const string&, string&)’:
/data-buddy/service/src/controller/Controller.hpp:393:5: error: conversion from ‘Controller::do_get(const string&, const string&, const string&, const string&, string&)::<lambda()>’ to non-scalar type ‘oatpp::web::server::api::ApiController::EndpointInfoBuilder’ {aka ‘std::function<std::shared_ptr<oatpp::web::server::api::Endpoint::Info>()>’} requested
  393 |     ENDPOINT("GET", "/db-disconnect-buddy", disconnect_buddy) {
      |     ^~~~~~~~
/data-buddy/service/src/controller/Controller.hpp:393:5: error: ‘Z__ENDPOINT_HANDLER_GET_INSTANCE_disconnect_buddy’ was not declared in this scope; did you mean ‘Z__ENDPOINT_ADDITIONAL_INFO_disconnect_buddy’?
  393 |     ENDPOINT("GET", "/db-disconnect-buddy", disconnect_buddy) {
      |     ^~~~~~~~
/data-buddy/service/src/controller/Controller.hpp:393:5: error: a function-definition is not allowed here before ‘{’ token
  393 |     ENDPOINT("GET", "/db-disconnect-buddy", disconnect_buddy) {
      |     ^~~~~~~~
In file included from /data-buddy/service/src/controller/Controller.cpp:1:
/data-buddy/service/src/controller/Controller.hpp:393:63: error: a function-definition is not allowed here before ‘{’ token
  393 |     ENDPOINT("GET", "/db-disconnect-buddy", disconnect_buddy) {
      |                                                               ^
In file included from /usr/local/include/oatpp-1.3.0/oatpp/oatpp/codegen/ApiController_define.hpp:48,
                 from /data-buddy/service/src/controller/Controller.hpp:17,
                 from /data-buddy/service/src/controller/Controller.cpp:1:
/data-buddy/service/src/controller/Controller.hpp:403:5: error: a function-definition is not allowed here before ‘{’ token
  403 |     ENDPOINT_INFO(create_client) {
      |     ^~~~~~~~~~~~~
/data-buddy/service/src/controller/Controller.hpp:403:5: error: ‘Z__ENDPOINT_CREATE_ADDITIONAL_INFO_create_client’ was not declared in this scope; did you mean ‘Z__ENDPOINT_ADDITIONAL_INFO_create_client’?
  403 |     ENDPOINT_INFO(create_client) {
      |     ^~~~~~~~~~~~~
In file included from /data-buddy/service/src/controller/Controller.cpp:1:
/data-buddy/service/src/controller/Controller.hpp:403:34: error: a function-definition is not allowed here before ‘{’ token
  403 |     ENDPOINT_INFO(create_client) {
      |                                  ^
In file included from /usr/local/include/oatpp-1.3.0/oatpp/oatpp/core/macro/codegen.hpp:41,
                 from /usr/local/include/oatpp-1.3.0/oatpp/oatpp/web/server/handler/AuthorizationHandler.hpp:31,
                 from /usr/local/include/oatpp-1.3.0/oatpp/oatpp/web/server/api/ApiController.hpp:30,
                 from /data-buddy/service/src/Common.hpp:12,
                 from /data-buddy/service/src/dto/DTOs.hpp:4,
                 from /data-buddy/service/src/controller/Controller.hpp:4,
                 from /data-buddy/service/src/controller/Controller.cpp:1:
/data-buddy/service/src/controller/Controller.hpp:408:5: error: a template declaration cannot appear at block scope
  408 |     ENDPOINT("POST", "/db-create-client", create_client,
      |     ^~~~~~~~
/data-buddy/service/src/controller/Controller.hpp: In lambda function:
/data-buddy/service/src/controller/Controller.hpp:408:5: error: ‘Z__EDNPOINT_INFO_GET_INSTANCE_create_client’ was not declared in this scope
  408 |     ENDPOINT("POST", "/db-create-client", create_client,
      |     ^~~~~~~~
/data-buddy/service/src/controller/Controller.hpp: In member function ‘string Controller::do_get(const string&, const string&, const string&, const string&, string&)’:
/data-buddy/service/src/controller/Controller.hpp:408:5: error: conversion from ‘Controller::do_get(const string&, const string&, const string&, const string&, string&)::<lambda()>’ to non-scalar type ‘oatpp::web::server::api::ApiController::EndpointInfoBuilder’ {aka ‘std::function<std::shared_ptr<oatpp::web::server::api::Endpoint::Info>()>’} requested
  408 |     ENDPOINT("POST", "/db-create-client", create_client,
      |     ^~~~~~~~
/data-buddy/service/src/controller/Controller.hpp:408:5: error: ‘Z__ENDPOINT_HANDLER_GET_INSTANCE_create_client’ was not declared in this scope; did you mean ‘Z__ENDPOINT_ADDITIONAL_INFO_create_client’?
  408 |     ENDPOINT("POST", "/db-create-client", create_client,
      |     ^~~~~~~~
/data-buddy/service/src/controller/Controller.hpp:408:5: error: a function-definition is not allowed here before ‘{’ token
  408 |     ENDPOINT("POST", "/db-create-client", create_client,
      |     ^~~~~~~~
In file included from /data-buddy/service/src/controller/Controller.cpp:1:
/data-buddy/service/src/controller/Controller.hpp:409:58: error: a function-definition is not allowed here before ‘{’ token
  409 |             BODY_DTO(Object<CreateClientRecvDto>, recv)) {
      |                                                          ^
In file included from /usr/local/include/oatpp-1.3.0/oatpp/oatpp/codegen/ApiController_define.hpp:48,
                 from /data-buddy/service/src/controller/Controller.hpp:17,
                 from /data-buddy/service/src/controller/Controller.cpp:1:
/data-buddy/service/src/controller/Controller.hpp:425:5: error: a function-definition is not allowed here before ‘{’ token
  425 |     ENDPOINT_INFO(disconnect_client) {
      |     ^~~~~~~~~~~~~
/data-buddy/service/src/controller/Controller.hpp:425:5: error: ‘Z__ENDPOINT_CREATE_ADDITIONAL_INFO_disconnect_client’ was not declared in this scope; did you mean ‘Z__ENDPOINT_ADDITIONAL_INFO_disconnect_client’?
  425 |     ENDPOINT_INFO(disconnect_client) {
      |     ^~~~~~~~~~~~~
In file included from /data-buddy/service/src/controller/Controller.cpp:1:
/data-buddy/service/src/controller/Controller.hpp:425:38: error: a function-definition is not allowed here before ‘{’ token
  425 |     ENDPOINT_INFO(disconnect_client) {
      |                                      ^
In file included from /usr/local/include/oatpp-1.3.0/oatpp/oatpp/core/macro/codegen.hpp:41,
                 from /usr/local/include/oatpp-1.3.0/oatpp/oatpp/web/server/handler/AuthorizationHandler.hpp:31,
                 from /usr/local/include/oatpp-1.3.0/oatpp/oatpp/web/server/api/ApiController.hpp:30,
                 from /data-buddy/service/src/Common.hpp:12,
                 from /data-buddy/service/src/dto/DTOs.hpp:4,
                 from /data-buddy/service/src/controller/Controller.hpp:4,
                 from /data-buddy/service/src/controller/Controller.cpp:1:
/data-buddy/service/src/controller/Controller.hpp:430:5: error: a template declaration cannot appear at block scope
  430 |     ENDPOINT("POST", "/db-disconnect-client", disconnect_client,
      |     ^~~~~~~~
/data-buddy/service/src/controller/Controller.hpp: In lambda function:
/data-buddy/service/src/controller/Controller.hpp:430:5: error: ‘Z__EDNPOINT_INFO_GET_INSTANCE_disconnect_client’ was not declared in this scope; did you mean ‘Z__ENDPOINT_ADDITIONAL_INFO_disconnect_client’?
  430 |     ENDPOINT("POST", "/db-disconnect-client", disconnect_client,
      |     ^~~~~~~~
/data-buddy/service/src/controller/Controller.hpp: In member function ‘string Controller::do_get(const string&, const string&, const string&, const string&, string&)’:
/data-buddy/service/src/controller/Controller.hpp:430:5: error: conversion from ‘Controller::do_get(const string&, const string&, const string&, const string&, string&)::<lambda()>’ to non-scalar type ‘oatpp::web::server::api::ApiController::EndpointInfoBuilder’ {aka ‘std::function<std::shared_ptr<oatpp::web::server::api::Endpoint::Info>()>’} requested
  430 |     ENDPOINT("POST", "/db-disconnect-client", disconnect_client,
      |     ^~~~~~~~
/data-buddy/service/src/controller/Controller.hpp:430:5: error: ‘Z__ENDPOINT_HANDLER_GET_INSTANCE_disconnect_client’ was not declared in this scope; did you mean ‘Z__ENDPOINT_ADDITIONAL_INFO_disconnect_client’?
  430 |     ENDPOINT("POST", "/db-disconnect-client", disconnect_client,
      |     ^~~~~~~~
/data-buddy/service/src/controller/Controller.hpp:430:5: error: a function-definition is not allowed here before ‘{’ token
  430 |     ENDPOINT("POST", "/db-disconnect-client", disconnect_client,
      |     ^~~~~~~~
In file included from /data-buddy/service/src/controller/Controller.cpp:1:
/data-buddy/service/src/controller/Controller.hpp:431:62: error: a function-definition is not allowed here before ‘{’ token
  431 |             BODY_DTO(Object<DisconnectClientRecvDto>, recv)) {
      |                                                              ^
In file included from /usr/local/include/oatpp-1.3.0/oatpp/oatpp/codegen/ApiController_define.hpp:48,
                 from /data-buddy/service/src/controller/Controller.hpp:17,
                 from /data-buddy/service/src/controller/Controller.cpp:1:
/data-buddy/service/src/controller/Controller.hpp:445:5: error: a function-definition is not allowed here before ‘{’ token
  445 |     ENDPOINT_INFO(connect_client) {
      |     ^~~~~~~~~~~~~
/data-buddy/service/src/controller/Controller.hpp:445:5: error: ‘Z__ENDPOINT_CREATE_ADDITIONAL_INFO_connect_client’ was not declared in this scope; did you mean ‘Z__ENDPOINT_ADDITIONAL_INFO_connect_client’?
  445 |     ENDPOINT_INFO(connect_client) {
      |     ^~~~~~~~~~~~~
In file included from /data-buddy/service/src/controller/Controller.cpp:1:
/data-buddy/service/src/controller/Controller.hpp:445:35: error: a function-definition is not allowed here before ‘{’ token
  445 |     ENDPOINT_INFO(connect_client) {
      |                                   ^
In file included from /usr/local/include/oatpp-1.3.0/oatpp/oatpp/core/macro/codegen.hpp:41,
                 from /usr/local/include/oatpp-1.3.0/oatpp/oatpp/web/server/handler/AuthorizationHandler.hpp:31,
                 from /usr/local/include/oatpp-1.3.0/oatpp/oatpp/web/server/api/ApiController.hpp:30,
                 from /data-buddy/service/src/Common.hpp:12,
                 from /data-buddy/service/src/dto/DTOs.hpp:4,
                 from /data-buddy/service/src/controller/Controller.hpp:4,
                 from /data-buddy/service/src/controller/Controller.cpp:1:
/data-buddy/service/src/controller/Controller.hpp:450:5: error: a template declaration cannot appear at block scope
  450 |     ENDPOINT("POST", "/db-connect-client", connect_client,
      |     ^~~~~~~~
/data-buddy/service/src/controller/Controller.hpp: In lambda function:
/data-buddy/service/src/controller/Controller.hpp:450:5: error: ‘Z__EDNPOINT_INFO_GET_INSTANCE_connect_client’ was not declared in this scope
  450 |     ENDPOINT("POST", "/db-connect-client", connect_client,
      |     ^~~~~~~~
/data-buddy/service/src/controller/Controller.hpp: In member function ‘string Controller::do_get(const string&, const string&, const string&, const string&, string&)’:
/data-buddy/service/src/controller/Controller.hpp:450:5: error: conversion from ‘Controller::do_get(const string&, const string&, const string&, const string&, string&)::<lambda()>’ to non-scalar type ‘oatpp::web::server::api::ApiController::EndpointInfoBuilder’ {aka ‘std::function<std::shared_ptr<oatpp::web::server::api::Endpoint::Info>()>’} requested
  450 |     ENDPOINT("POST", "/db-connect-client", connect_client,
      |     ^~~~~~~~
/data-buddy/service/src/controller/Controller.hpp:450:5: error: ‘Z__ENDPOINT_HANDLER_GET_INSTANCE_connect_client’ was not declared in this scope; did you mean ‘Z__ENDPOINT_ADDITIONAL_INFO_connect_client’?
  450 |     ENDPOINT("POST", "/db-connect-client", connect_client,
      |     ^~~~~~~~
/data-buddy/service/src/controller/Controller.hpp:450:5: error: a function-definition is not allowed here before ‘{’ token
  450 |     ENDPOINT("POST", "/db-connect-client", connect_client,
      |     ^~~~~~~~
In file included from /data-buddy/service/src/controller/Controller.cpp:1:
/data-buddy/service/src/controller/Controller.hpp:451:59: error: a function-definition is not allowed here before ‘{’ token
  451 |             BODY_DTO(Object<ConnectClientRecvDto>, recv)) {
      |                                                           ^
In file included from /usr/local/include/oatpp-1.3.0/oatpp/oatpp/codegen/ApiController_define.hpp:48,
                 from /data-buddy/service/src/controller/Controller.hpp:17,
                 from /data-buddy/service/src/controller/Controller.cpp:1:
/data-buddy/service/src/controller/Controller.hpp:467:5: error: a function-definition is not allowed here before ‘{’ token
  467 |     ENDPOINT_INFO(add_client) {
      |     ^~~~~~~~~~~~~
/data-buddy/service/src/controller/Controller.hpp:467:5: error: ‘Z__ENDPOINT_CREATE_ADDITIONAL_INFO_add_client’ was not declared in this scope; did you mean ‘Z__ENDPOINT_ADDITIONAL_INFO_add_client’?
  467 |     ENDPOINT_INFO(add_client) {
      |     ^~~~~~~~~~~~~
In file included from /data-buddy/service/src/controller/Controller.cpp:1:
/data-buddy/service/src/controller/Controller.hpp:467:31: error: a function-definition is not allowed here before ‘{’ token
  467 |     ENDPOINT_INFO(add_client) {
      |                               ^
In file included from /usr/local/include/oatpp-1.3.0/oatpp/oatpp/core/macro/codegen.hpp:41,
                 from /usr/local/include/oatpp-1.3.0/oatpp/oatpp/web/server/handler/AuthorizationHandler.hpp:31,
                 from /usr/local/include/oatpp-1.3.0/oatpp/oatpp/web/server/api/ApiController.hpp:30,
                 from /data-buddy/service/src/Common.hpp:12,
                 from /data-buddy/service/src/dto/DTOs.hpp:4,
                 from /data-buddy/service/src/controller/Controller.hpp:4,
                 from /data-buddy/service/src/controller/Controller.cpp:1:
/data-buddy/service/src/controller/Controller.hpp:472:5: error: a template declaration cannot appear at block scope
  472 |     ENDPOINT("POST", "/db-add-client", add_client,
      |     ^~~~~~~~
/data-buddy/service/src/controller/Controller.hpp: In lambda function:
/data-buddy/service/src/controller/Controller.hpp:472:5: error: ‘Z__EDNPOINT_INFO_GET_INSTANCE_add_client’ was not declared in this scope
  472 |     ENDPOINT("POST", "/db-add-client", add_client,
      |     ^~~~~~~~
/data-buddy/service/src/controller/Controller.hpp: In member function ‘string Controller::do_get(const string&, const string&, const string&, const string&, string&)’:
/data-buddy/service/src/controller/Controller.hpp:472:5: error: conversion from ‘Controller::do_get(const string&, const string&, const string&, const string&, string&)::<lambda()>’ to non-scalar type ‘oatpp::web::server::api::ApiController::EndpointInfoBuilder’ {aka ‘std::function<std::shared_ptr<oatpp::web::server::api::Endpoint::Info>()>’} requested
  472 |     ENDPOINT("POST", "/db-add-client", add_client,
      |     ^~~~~~~~
/data-buddy/service/src/controller/Controller.hpp:472:5: error: ‘Z__ENDPOINT_HANDLER_GET_INSTANCE_add_client’ was not declared in this scope; did you mean ‘Z__ENDPOINT_ADDITIONAL_INFO_add_client’?
  472 |     ENDPOINT("POST", "/db-add-client", add_client,
      |     ^~~~~~~~
/data-buddy/service/src/controller/Controller.hpp:472:5: error: a function-definition is not allowed here before ‘{’ token
  472 |     ENDPOINT("POST", "/db-add-client", add_client,
      |     ^~~~~~~~
In file included from /data-buddy/service/src/controller/Controller.cpp:1:
/data-buddy/service/src/controller/Controller.hpp:473:55: error: a function-definition is not allowed here before ‘{’ token
  473 |             BODY_DTO(Object<AddClientRecvDto>, recv)) {
      |                                                       ^
In file included from /usr/local/include/oatpp-1.3.0/oatpp/oatpp/codegen/ApiController_define.hpp:48,
                 from /data-buddy/service/src/controller/Controller.hpp:17,
                 from /data-buddy/service/src/controller/Controller.cpp:1:
/data-buddy/service/src/controller/Controller.hpp:489:5: error: a function-definition is not allowed here before ‘{’ token
  489 |     ENDPOINT_INFO(create_category) {
      |     ^~~~~~~~~~~~~
/data-buddy/service/src/controller/Controller.hpp:489:5: error: ‘Z__ENDPOINT_CREATE_ADDITIONAL_INFO_create_category’ was not declared in this scope; did you mean ‘Z__ENDPOINT_ADDITIONAL_INFO_create_category’?
  489 |     ENDPOINT_INFO(create_category) {
      |     ^~~~~~~~~~~~~
In file included from /data-buddy/service/src/controller/Controller.cpp:1:
/data-buddy/service/src/controller/Controller.hpp:489:36: error: a function-definition is not allowed here before ‘{’ token
  489 |     ENDPOINT_INFO(create_category) {
      |                                    ^
In file included from /usr/local/include/oatpp-1.3.0/oatpp/oatpp/core/macro/codegen.hpp:41,
                 from /usr/local/include/oatpp-1.3.0/oatpp/oatpp/web/server/handler/AuthorizationHandler.hpp:31,
                 from /usr/local/include/oatpp-1.3.0/oatpp/oatpp/web/server/api/ApiController.hpp:30,
                 from /data-buddy/service/src/Common.hpp:12,
                 from /data-buddy/service/src/dto/DTOs.hpp:4,
                 from /data-buddy/service/src/controller/Controller.hpp:4,
                 from /data-buddy/service/src/controller/Controller.cpp:1:
/data-buddy/service/src/controller/Controller.hpp:494:5: error: a template declaration cannot appear at block scope
  494 |     ENDPOINT("POST", "/db-create-category", create_category,
      |     ^~~~~~~~
/data-buddy/service/src/controller/Controller.hpp: In lambda function:
/data-buddy/service/src/controller/Controller.hpp:494:5: error: ‘Z__EDNPOINT_INFO_GET_INSTANCE_create_category’ was not declared in this scope
  494 |     ENDPOINT("POST", "/db-create-category", create_category,
      |     ^~~~~~~~
/data-buddy/service/src/controller/Controller.hpp: In member function ‘string Controller::do_get(const string&, const string&, const string&, const string&, string&)’:
/data-buddy/service/src/controller/Controller.hpp:494:5: error: conversion from ‘Controller::do_get(const string&, const string&, const string&, const string&, string&)::<lambda()>’ to non-scalar type ‘oatpp::web::server::api::ApiController::EndpointInfoBuilder’ {aka ‘std::function<std::shared_ptr<oatpp::web::server::api::Endpoint::Info>()>’} requested
  494 |     ENDPOINT("POST", "/db-create-category", create_category,
      |     ^~~~~~~~
/data-buddy/service/src/controller/Controller.hpp:494:5: error: ‘Z__ENDPOINT_HANDLER_GET_INSTANCE_create_category’ was not declared in this scope; did you mean ‘Z__ENDPOINT_ADDITIONAL_INFO_create_category’?
  494 |     ENDPOINT("POST", "/db-create-category", create_category,
      |     ^~~~~~~~
/data-buddy/service/src/controller/Controller.hpp:494:5: error: a function-definition is not allowed here before ‘{’ token
  494 |     ENDPOINT("POST", "/db-create-category", create_category,
      |     ^~~~~~~~
In file included from /data-buddy/service/src/controller/Controller.cpp:1:
/data-buddy/service/src/controller/Controller.hpp:495:60: error: a function-definition is not allowed here before ‘{’ token
  495 |             BODY_DTO(Object<CreateCategoryRecvDto>, recv)) {
      |                                                            ^
In file included from /usr/local/include/oatpp-1.3.0/oatpp/oatpp/codegen/ApiController_define.hpp:48,
                 from /data-buddy/service/src/controller/Controller.hpp:17,
                 from /data-buddy/service/src/controller/Controller.cpp:1:
/data-buddy/service/src/controller/Controller.hpp:510:5: error: a function-definition is not allowed here before ‘{’ token
  510 |     ENDPOINT_INFO(list_clients) {
      |     ^~~~~~~~~~~~~
/data-buddy/service/src/controller/Controller.hpp:510:5: error: ‘Z__ENDPOINT_CREATE_ADDITIONAL_INFO_list_clients’ was not declared in this scope; did you mean ‘Z__ENDPOINT_ADDITIONAL_INFO_list_clients’?
  510 |     ENDPOINT_INFO(list_clients) {
      |     ^~~~~~~~~~~~~
In file included from /data-buddy/service/src/controller/Controller.cpp:1:
/data-buddy/service/src/controller/Controller.hpp:510:33: error: a function-definition is not allowed here before ‘{’ token
  510 |     ENDPOINT_INFO(list_clients) {
      |                                 ^
In file included from /usr/local/include/oatpp-1.3.0/oatpp/oatpp/core/macro/codegen.hpp:41,
                 from /usr/local/include/oatpp-1.3.0/oatpp/oatpp/web/server/handler/AuthorizationHandler.hpp:31,
                 from /usr/local/include/oatpp-1.3.0/oatpp/oatpp/web/server/api/ApiController.hpp:30,
                 from /data-buddy/service/src/Common.hpp:12,
                 from /data-buddy/service/src/dto/DTOs.hpp:4,
                 from /data-buddy/service/src/controller/Controller.hpp:4,
                 from /data-buddy/service/src/controller/Controller.cpp:1:
/data-buddy/service/src/controller/Controller.hpp:514:5: error: a template declaration cannot appear at block scope
  514 |     ENDPOINT("GET", "/db-list-clients", list_clients) {
      |     ^~~~~~~~
/data-buddy/service/src/controller/Controller.hpp: In lambda function:
/data-buddy/service/src/controller/Controller.hpp:514:5: error: ‘Z__EDNPOINT_INFO_GET_INSTANCE_list_clients’ was not declared in this scope
  514 |     ENDPOINT("GET", "/db-list-clients", list_clients) {
      |     ^~~~~~~~
/data-buddy/service/src/controller/Controller.hpp: In member function ‘string Controller::do_get(const string&, const string&, const string&, const string&, string&)’:
/data-buddy/service/src/controller/Controller.hpp:514:5: error: conversion from ‘Controller::do_get(const string&, const string&, const string&, const string&, string&)::<lambda()>’ to non-scalar type ‘oatpp::web::server::api::ApiController::EndpointInfoBuilder’ {aka ‘std::function<std::shared_ptr<oatpp::web::server::api::Endpoint::Info>()>’} requested
  514 |     ENDPOINT("GET", "/db-list-clients", list_clients) {
      |     ^~~~~~~~
/data-buddy/service/src/controller/Controller.hpp:514:5: error: ‘Z__ENDPOINT_HANDLER_GET_INSTANCE_list_clients’ was not declared in this scope; did you mean ‘Z__ENDPOINT_ADDITIONAL_INFO_list_clients’?
  514 |     ENDPOINT("GET", "/db-list-clients", list_clients) {
      |     ^~~~~~~~
/data-buddy/service/src/controller/Controller.hpp:514:5: error: a function-definition is not allowed here before ‘{’ token
  514 |     ENDPOINT("GET", "/db-list-clients", list_clients) {
      |     ^~~~~~~~
In file included from /data-buddy/service/src/controller/Controller.cpp:1:
/data-buddy/service/src/controller/Controller.hpp:514:55: error: a function-definition is not allowed here before ‘{’ token
  514 |     ENDPOINT("GET", "/db-list-clients", list_clients) {
      |                                                       ^
In file included from /usr/local/include/oatpp-1.3.0/oatpp/oatpp/codegen/ApiController_define.hpp:48,
                 from /data-buddy/service/src/controller/Controller.hpp:17,
                 from /data-buddy/service/src/controller/Controller.cpp:1:
/data-buddy/service/src/controller/Controller.hpp:526:5: error: a function-definition is not allowed here before ‘{’ token
  526 |     ENDPOINT_INFO(list_categories) {
      |     ^~~~~~~~~~~~~
/data-buddy/service/src/controller/Controller.hpp:526:5: error: ‘Z__ENDPOINT_CREATE_ADDITIONAL_INFO_list_categories’ was not declared in this scope; did you mean ‘Z__ENDPOINT_ADDITIONAL_INFO_list_categories’?
  526 |     ENDPOINT_INFO(list_categories) {
      |     ^~~~~~~~~~~~~
In file included from /data-buddy/service/src/controller/Controller.cpp:1:
/data-buddy/service/src/controller/Controller.hpp:526:36: error: a function-definition is not allowed here before ‘{’ token
  526 |     ENDPOINT_INFO(list_categories) {
      |                                    ^
In file included from /usr/local/include/oatpp-1.3.0/oatpp/oatpp/core/macro/codegen.hpp:41,
                 from /usr/local/include/oatpp-1.3.0/oatpp/oatpp/web/server/handler/AuthorizationHandler.hpp:31,
                 from /usr/local/include/oatpp-1.3.0/oatpp/oatpp/web/server/api/ApiController.hpp:30,
                 from /data-buddy/service/src/Common.hpp:12,
                 from /data-buddy/service/src/dto/DTOs.hpp:4,
                 from /data-buddy/service/src/controller/Controller.hpp:4,
                 from /data-buddy/service/src/controller/Controller.cpp:1:
/data-buddy/service/src/controller/Controller.hpp:530:5: error: a template declaration cannot appear at block scope
  530 |     ENDPOINT("GET", "/db-list-categories", list_categories) {
      |     ^~~~~~~~
/data-buddy/service/src/controller/Controller.hpp: In lambda function:
/data-buddy/service/src/controller/Controller.hpp:530:5: error: ‘Z__EDNPOINT_INFO_GET_INSTANCE_list_categories’ was not declared in this scope
  530 |     ENDPOINT("GET", "/db-list-categories", list_categories) {
      |     ^~~~~~~~
/data-buddy/service/src/controller/Controller.hpp: In member function ‘string Controller::do_get(const string&, const string&, const string&, const string&, string&)’:
/data-buddy/service/src/controller/Controller.hpp:530:5: error: conversion from ‘Controller::do_get(const string&, const string&, const string&, const string&, string&)::<lambda()>’ to non-scalar type ‘oatpp::web::server::api::ApiController::EndpointInfoBuilder’ {aka ‘std::function<std::shared_ptr<oatpp::web::server::api::Endpoint::Info>()>’} requested
  530 |     ENDPOINT("GET", "/db-list-categories", list_categories) {
      |     ^~~~~~~~
/data-buddy/service/src/controller/Controller.hpp:530:5: error: ‘Z__ENDPOINT_HANDLER_GET_INSTANCE_list_categories’ was not declared in this scope; did you mean ‘Z__ENDPOINT_ADDITIONAL_INFO_list_categories’?
  530 |     ENDPOINT("GET", "/db-list-categories", list_categories) {
      |     ^~~~~~~~
/data-buddy/service/src/controller/Controller.hpp:530:5: error: a function-definition is not allowed here before ‘{’ token
  530 |     ENDPOINT("GET", "/db-list-categories", list_categories) {
      |     ^~~~~~~~
In file included from /data-buddy/service/src/controller/Controller.cpp:1:
/data-buddy/service/src/controller/Controller.hpp:530:61: error: a function-definition is not allowed here before ‘{’ token
  530 |     ENDPOINT("GET", "/db-list-categories", list_categories) {
      |                                                             ^
/data-buddy/service/src/controller/Controller.hpp:541:1: warning: no return statement in function returning non-void [-Wreturn-type]
  541 | };
      | ^
/data-buddy/service/src/controller/Controller.cpp: In member function ‘std::string Controller::base64Encode(const unsigned char*, int)’:
/data-buddy/service/src/controller/Controller.cpp:81:5: error: ‘BIO’ was not declared in this scope; did you mean ‘EIO’?
   81 |     BIO* bmem = BIO_new(BIO_s_mem());
      |     ^~~
      |     EIO
/data-buddy/service/src/controller/Controller.cpp:81:10: error: ‘bmem’ was not declared in this scope
   81 |     BIO* bmem = BIO_new(BIO_s_mem());
      |          ^~~~
/data-buddy/service/src/controller/Controller.cpp:81:25: error: ‘BIO_s_mem’ was not declared in this scope; did you mean ‘BIO_seek’?
   81 |     BIO* bmem = BIO_new(BIO_s_mem());
      |                         ^~~~~~~~~
      |                         BIO_seek
/data-buddy/service/src/controller/Controller.cpp:81:17: error: ‘BIO_new’ was not declared in this scope
   81 |     BIO* bmem = BIO_new(BIO_s_mem());
      |                 ^~~~~~~
/data-buddy/service/src/controller/Controller.cpp:82:10: error: ‘b64’ was not declared in this scope
   82 |     BIO* b64 = BIO_new(BIO_f_base64());
      |          ^~~
/data-buddy/service/src/controller/Controller.cpp:82:24: error: ‘BIO_f_base64’ was not declared in this scope
   82 |     BIO* b64 = BIO_new(BIO_f_base64());
      |                        ^~~~~~~~~~~~
/data-buddy/service/src/controller/Controller.cpp:83:5: error: ‘BIO_push’ was not declared in this scope; did you mean ‘BIO_flush’?
   83 |     BIO_push(b64, bmem);
      |     ^~~~~~~~
      |     BIO_flush
/data-buddy/service/src/controller/Controller.cpp:84:5: error: ‘BIO_set_flags’ was not declared in this scope; did you mean ‘BIO_get_flags’?
   84 |     BIO_set_flags(b64, BIO_FLAGS_BASE64_NO_NL);
      |     ^~~~~~~~~~~~~
      |     BIO_get_flags
/data-buddy/service/src/controller/Controller.cpp:85:5: error: ‘BIO_write’ was not declared in this scope
   85 |     BIO_write(b64, data, length);
      |     ^~~~~~~~~
In file included from /usr/include/openssl/evp.h:16,
                 from /data-buddy/service/src/controller/Controller.cpp:9:
/data-buddy/service/src/controller/Controller.cpp:86:5: error: ‘BIO_ctrl’ was not declared in this scope
   86 |     BIO_flush(b64);
      |     ^~~~~~~~~
/data-buddy/service/src/controller/Controller.cpp:88:5: error: ‘BUF_MEM’ was not declared in this scope
   88 |     BUF_MEM* bptr;
      |     ^~~~~~~
/data-buddy/service/src/controller/Controller.cpp:88:14: error: ‘bptr’ was not declared in this scope
   88 |     BUF_MEM* bptr;
      |              ^~~~
/data-buddy/service/src/controller/Controller.cpp:92:5: error: ‘BIO_free_all’ was not declared in this scope
   92 |     BIO_free_all(b64);
      |     ^~~~~~~~~~~~
/data-buddy/service/src/controller/Controller.cpp: In member function ‘string Controller::encrypt_string_base64(const string&, const string&)’:
/data-buddy/service/src/controller/Controller.cpp:105:9: error: ‘RAND_bytes’ was not declared in this scope
  105 |     if (RAND_bytes(iv, sizeof(iv)) != 1) {
      |         ^~~~~~~~~~
/data-buddy/service/src/controller/Controller.cpp:110:5: error: ‘EVP_CIPHER_CTX’ was not declared in this scope; did you mean ‘EVP_CIPHER_name’?
  110 |     EVP_CIPHER_CTX* ctx = EVP_CIPHER_CTX_new();
      |     ^~~~~~~~~~~~~~
      |     EVP_CIPHER_name
/data-buddy/service/src/controller/Controller.cpp:110:21: error: ‘ctx’ was not declared in this scope
  110 |     EVP_CIPHER_CTX* ctx = EVP_CIPHER_CTX_new();
      |                     ^~~
/data-buddy/service/src/controller/Controller.cpp:110:27: error: ‘EVP_CIPHER_CTX_new’ was not declared in this scope; did you mean ‘EVP_CIPHER_CTX_init’?
  110 |     EVP_CIPHER_CTX* ctx = EVP_CIPHER_CTX_new();
      |                           ^~~~~~~~~~~~~~~~~~
      |                           EVP_CIPHER_CTX_init
/data-buddy/service/src/controller/Controller.cpp:116:33: error: ‘EVP_aes_256_cbc’ was not declared in this scope; did you mean ‘EVP_aes_256_cfb’?
  116 |     if (EVP_EncryptInit_ex(ctx, EVP_aes_256_cbc(), nullptr,
      |                                 ^~~~~~~~~~~~~~~
      |                                 EVP_aes_256_cfb
/data-buddy/service/src/controller/Controller.cpp:116:9: error: ‘EVP_EncryptInit_ex’ was not declared in this scope; did you mean ‘EVP_VerifyInit_ex’?
  116 |     if (EVP_EncryptInit_ex(ctx, EVP_aes_256_cbc(), nullptr,
      |         ^~~~~~~~~~~~~~~~~~
      |         EVP_VerifyInit_ex
/data-buddy/service/src/controller/Controller.cpp:118:9: error: ‘EVP_CIPHER_CTX_free’ was not declared in this scope; did you mean ‘EVP_CIPHER_CTX_mode’?
  118 |         EVP_CIPHER_CTX_free(ctx);
      |         ^~~~~~~~~~~~~~~~~~~
      |         EVP_CIPHER_CTX_mode
/data-buddy/service/src/controller/Controller.cpp:128:9: error: ‘EVP_EncryptUpdate’ was not declared in this scope
  128 |     if (EVP_EncryptUpdate(ctx, ciphertext, &len,
      |         ^~~~~~~~~~~~~~~~~
/data-buddy/service/src/controller/Controller.cpp:131:9: error: ‘EVP_CIPHER_CTX_free’ was not declared in this scope; did you mean ‘EVP_CIPHER_CTX_mode’?
  131 |         EVP_CIPHER_CTX_free(ctx);
      |         ^~~~~~~~~~~~~~~~~~~
      |         EVP_CIPHER_CTX_mode
/data-buddy/service/src/controller/Controller.cpp:138:9: error: ‘EVP_EncryptFinal_ex’ was not declared in this scope
  138 |     if (EVP_EncryptFinal_ex(ctx, ciphertext + len, &len) != 1) {
      |         ^~~~~~~~~~~~~~~~~~~
/data-buddy/service/src/controller/Controller.cpp:140:9: error: ‘EVP_CIPHER_CTX_free’ was not declared in this scope; did you mean ‘EVP_CIPHER_CTX_mode’?
  140 |         EVP_CIPHER_CTX_free(ctx);
      |         ^~~~~~~~~~~~~~~~~~~
      |         EVP_CIPHER_CTX_mode
/data-buddy/service/src/controller/Controller.cpp:152:5: error: ‘EVP_CIPHER_CTX_free’ was not declared in this scope; did you mean ‘EVP_CIPHER_CTX_mode’?
  152 |     EVP_CIPHER_CTX_free(ctx);
      |     ^~~~~~~~~~~~~~~~~~~
      |     EVP_CIPHER_CTX_mode
/data-buddy/service/src/controller/Controller.cpp: In member function ‘string Controller::do_connect_client(const string&, const string&, string&)’:
/data-buddy/service/src/controller/Controller.cpp:464:77: error: no matching function for call to ‘RocksWrapper::get(json&, json&, json&, json&)’
  464 |         check_successful(app_db->get(CLIENT_KEY_SCHEMA, client_key, tmp, val));
      |                                                                             ^
In file included from /data-buddy/service/src/controller/Controller.hpp:5,
                 from /data-buddy/service/src/controller/Controller.cpp:1:
/data-buddy/service/src/controller/RocksWrapper.hpp:182:12: note: candidate: ‘string RocksWrapper::get(const json&, const json&, json&)’
  182 |     string get(const json& key_schema, const json& key, json& value) {
      |            ^~~
/data-buddy/service/src/controller/RocksWrapper.hpp:182:12: note:   candidate expects 3 arguments, 4 provided
/data-buddy/service/src/controller/Controller.cpp: At global scope:
/data-buddy/service/src/controller/Controller.cpp:559:1: error: expected unqualified-id at end of input
  559 | }
      | ^
make[2]: *** [CMakeFiles/data-buddy-lib.dir/build.make:63: CMakeFiles/data-buddy-lib.dir/src/controller/Controller.cpp.o] Error 1
make[1]: *** [CMakeFiles/Makefile2:105: CMakeFiles/data-buddy-lib.dir/all] Error 2
make: *** [Makefile:84: all] Error 2

